{"C:\\Users\\jaan-\\OneDrive\\Documents\\Seneca\\DPS955\\Labs\\fragments\\src\\app.js": {"path":"C:\\Users\\jaan-\\OneDrive\\Documents\\Seneca\\DPS955\\Labs\\fragments\\src\\app.js","statementMap":{"0":{"start":{"line":3,"column":16},"end":{"line":3,"column":34}},"1":{"start":{"line":4,"column":13},"end":{"line":4,"column":28}},"2":{"start":{"line":5,"column":15},"end":{"line":5,"column":32}},"3":{"start":{"line":6,"column":20},"end":{"line":6,"column":42}},"4":{"start":{"line":7,"column":17},"end":{"line":7,"column":36}},"5":{"start":{"line":9,"column":15},"end":{"line":9,"column":34}},"6":{"start":{"line":10,"column":21},"end":{"line":10,"column":47}},"7":{"start":{"line":11,"column":13},"end":{"line":14,"column":2}},"8":{"start":{"line":17,"column":12},"end":{"line":17,"column":21}},"9":{"start":{"line":20,"column":0},"end":{"line":20,"column":14}},"10":{"start":{"line":23,"column":0},"end":{"line":23,"column":18}},"11":{"start":{"line":26,"column":0},"end":{"line":26,"column":16}},"12":{"start":{"line":29,"column":0},"end":{"line":29,"column":23}},"13":{"start":{"line":32,"column":0},"end":{"line":32,"column":38}},"14":{"start":{"line":33,"column":0},"end":{"line":33,"column":31}},"15":{"start":{"line":36,"column":0},"end":{"line":36,"column":34}},"16":{"start":{"line":39,"column":0},"end":{"line":47,"column":3}},"17":{"start":{"line":40,"column":2},"end":{"line":46,"column":5}},"18":{"start":{"line":51,"column":0},"end":{"line":69,"column":3}},"19":{"start":{"line":54,"column":17},"end":{"line":54,"column":34}},"20":{"start":{"line":55,"column":18},"end":{"line":55,"column":60}},"21":{"start":{"line":58,"column":2},"end":{"line":60,"column":3}},"22":{"start":{"line":59,"column":4},"end":{"line":59,"column":54}},"23":{"start":{"line":62,"column":2},"end":{"line":68,"column":5}},"24":{"start":{"line":72,"column":0},"end":{"line":72,"column":21}}},"fnMap":{"0":{"name":"(anonymous_0)","decl":{"start":{"line":39,"column":8},"end":{"line":39,"column":9}},"loc":{"start":{"line":39,"column":22},"end":{"line":47,"column":1}},"line":39},"1":{"name":"(anonymous_1)","decl":{"start":{"line":51,"column":8},"end":{"line":51,"column":9}},"loc":{"start":{"line":51,"column":33},"end":{"line":69,"column":1}},"line":51}},"branchMap":{"0":{"loc":{"start":{"line":54,"column":17},"end":{"line":54,"column":34}},"type":"binary-expr","locations":[{"start":{"line":54,"column":17},"end":{"line":54,"column":27}},{"start":{"line":54,"column":31},"end":{"line":54,"column":34}}],"line":54},"1":{"loc":{"start":{"line":55,"column":18},"end":{"line":55,"column":60}},"type":"binary-expr","locations":[{"start":{"line":55,"column":18},"end":{"line":55,"column":29}},{"start":{"line":55,"column":33},"end":{"line":55,"column":60}}],"line":55},"2":{"loc":{"start":{"line":58,"column":2},"end":{"line":60,"column":3}},"type":"if","locations":[{"start":{"line":58,"column":2},"end":{"line":60,"column":3}},{"start":{},"end":{}}],"line":58}},"s":{"0":3,"1":3,"2":3,"3":3,"4":3,"5":3,"6":3,"7":3,"8":3,"9":3,"10":3,"11":3,"12":3,"13":3,"14":3,"15":3,"16":3,"17":1,"18":3,"19":0,"20":0,"21":0,"22":0,"23":0,"24":3},"f":{"0":1,"1":0},"b":{"0":[0,0],"1":[0,0],"2":[0,0]},"_coverageSchema":"1a1c01bbd47fc00a2c39e90264f33305004495a9","hash":"79e05c3d595f64e4ca1f5825ddf32d2e0925395e"}
,"C:\\Users\\jaan-\\OneDrive\\Documents\\Seneca\\DPS955\\Labs\\fragments\\src\\logger.js": {"path":"C:\\Users\\jaan-\\OneDrive\\Documents\\Seneca\\DPS955\\Labs\\fragments\\src\\logger.js","statementMap":{"0":{"start":{"line":4,"column":16},"end":{"line":4,"column":58}},"1":{"start":{"line":7,"column":0},"end":{"line":15,"column":1}},"2":{"start":{"line":9,"column":2},"end":{"line":14,"column":4}},"3":{"start":{"line":19,"column":0},"end":{"line":19,"column":42}}},"fnMap":{},"branchMap":{"0":{"loc":{"start":{"line":4,"column":25},"end":{"line":4,"column":56}},"type":"binary-expr","locations":[{"start":{"line":4,"column":25},"end":{"line":4,"column":46}},{"start":{"line":4,"column":50},"end":{"line":4,"column":56}}],"line":4},"1":{"loc":{"start":{"line":7,"column":0},"end":{"line":15,"column":1}},"type":"if","locations":[{"start":{"line":7,"column":0},"end":{"line":15,"column":1}},{"start":{},"end":{}}],"line":7}},"s":{"0":3,"1":3,"2":0,"3":3},"f":{},"b":{"0":[3,0],"1":[0,3]},"_coverageSchema":"1a1c01bbd47fc00a2c39e90264f33305004495a9","hash":"a08d5a683b7dde4c8b48baf7eea06c06617743d1"}
,"C:\\Users\\jaan-\\OneDrive\\Documents\\Seneca\\DPS955\\Labs\\fragments\\src\\response.js": {"path":"C:\\Users\\jaan-\\OneDrive\\Documents\\Seneca\\DPS955\\Labs\\fragments\\src\\response.js","statementMap":{"0":{"start":{"line":11,"column":0},"end":{"line":18,"column":2}},"1":{"start":{"line":12,"column":2},"end":{"line":17,"column":4}},"2":{"start":{"line":30,"column":0},"end":{"line":38,"column":2}},"3":{"start":{"line":31,"column":2},"end":{"line":37,"column":4}}},"fnMap":{"0":{"name":"(anonymous_0)","decl":{"start":{"line":11,"column":39},"end":{"line":11,"column":40}},"loc":{"start":{"line":11,"column":55},"end":{"line":18,"column":1}},"line":11},"1":{"name":"(anonymous_1)","decl":{"start":{"line":30,"column":37},"end":{"line":30,"column":38}},"loc":{"start":{"line":30,"column":62},"end":{"line":38,"column":1}},"line":30}},"branchMap":{},"s":{"0":1,"1":2,"2":1,"3":1},"f":{"0":2,"1":1},"b":{},"_coverageSchema":"1a1c01bbd47fc00a2c39e90264f33305004495a9","hash":"71345ecbc87128cc877da59dfa3609377e2def10"}
,"C:\\Users\\jaan-\\OneDrive\\Documents\\Seneca\\DPS955\\Labs\\fragments\\src\\authorization\\basic-auth.js": {"path":"C:\\Users\\jaan-\\OneDrive\\Documents\\Seneca\\DPS955\\Labs\\fragments\\src\\authorization\\basic-auth.js","statementMap":{"0":{"start":{"line":6,"column":13},"end":{"line":6,"column":33}},"1":{"start":{"line":7,"column":17},"end":{"line":7,"column":36}},"2":{"start":{"line":8,"column":21},"end":{"line":8,"column":50}},"3":{"start":{"line":11,"column":0},"end":{"line":13,"column":1}},"4":{"start":{"line":12,"column":2},"end":{"line":12,"column":61}},"5":{"start":{"line":15,"column":0},"end":{"line":22,"column":4}},"6":{"start":{"line":18,"column":2},"end":{"line":22,"column":3}},"7":{"start":{"line":24,"column":0},"end":{"line":24,"column":86}},"8":{"start":{"line":24,"column":36},"end":{"line":24,"column":85}}},"fnMap":{"0":{"name":"(anonymous_0)","decl":{"start":{"line":15,"column":26},"end":{"line":15,"column":27}},"loc":{"start":{"line":18,"column":2},"end":{"line":22,"column":3}},"line":18},"1":{"name":"(anonymous_1)","decl":{"start":{"line":24,"column":30},"end":{"line":24,"column":31}},"loc":{"start":{"line":24,"column":36},"end":{"line":24,"column":85}},"line":24}},"branchMap":{"0":{"loc":{"start":{"line":11,"column":0},"end":{"line":13,"column":1}},"type":"if","locations":[{"start":{"line":11,"column":0},"end":{"line":13,"column":1}},{"start":{},"end":{}}],"line":11}},"s":{"0":3,"1":3,"2":3,"3":3,"4":0,"5":3,"6":3,"7":3,"8":3},"f":{"0":3,"1":3},"b":{"0":[0,3]},"_coverageSchema":"1a1c01bbd47fc00a2c39e90264f33305004495a9","hash":"c8af42b394d0d221aa4be93e726fc00c35d1ab91"}
,"C:\\Users\\jaan-\\OneDrive\\Documents\\Seneca\\DPS955\\Labs\\fragments\\src\\authorization\\index.js": {"path":"C:\\Users\\jaan-\\OneDrive\\Documents\\Seneca\\DPS955\\Labs\\fragments\\src\\authorization\\index.js","statementMap":{"0":{"start":{"line":4,"column":0},"end":{"line":14,"column":1}},"1":{"start":{"line":5,"column":2},"end":{"line":5,"column":40}},"2":{"start":{"line":8,"column":5},"end":{"line":14,"column":1}},"3":{"start":{"line":9,"column":2},"end":{"line":9,"column":43}},"4":{"start":{"line":13,"column":2},"end":{"line":13,"column":76}}},"fnMap":{},"branchMap":{"0":{"loc":{"start":{"line":4,"column":0},"end":{"line":14,"column":1}},"type":"if","locations":[{"start":{"line":4,"column":0},"end":{"line":14,"column":1}},{"start":{"line":8,"column":5},"end":{"line":14,"column":1}}],"line":4},"1":{"loc":{"start":{"line":4,"column":4},"end":{"line":4,"column":72}},"type":"binary-expr","locations":[{"start":{"line":4,"column":4},"end":{"line":4,"column":35}},{"start":{"line":4,"column":39},"end":{"line":4,"column":72}}],"line":4},"2":{"loc":{"start":{"line":8,"column":5},"end":{"line":14,"column":1}},"type":"if","locations":[{"start":{"line":8,"column":5},"end":{"line":14,"column":1}},{"start":{"line":12,"column":5},"end":{"line":14,"column":1}}],"line":8},"3":{"loc":{"start":{"line":8,"column":9},"end":{"line":8,"column":71}},"type":"binary-expr","locations":[{"start":{"line":8,"column":9},"end":{"line":8,"column":34}},{"start":{"line":8,"column":38},"end":{"line":8,"column":71}}],"line":8}},"s":{"0":3,"1":0,"2":3,"3":3,"4":0},"f":{},"b":{"0":[0,3],"1":[3,0],"2":[3,0],"3":[3,3]},"_coverageSchema":"1a1c01bbd47fc00a2c39e90264f33305004495a9","hash":"33d2541ef69ab68e21c773dc6265d2226251ecb0"}
,"C:\\Users\\jaan-\\OneDrive\\Documents\\Seneca\\DPS955\\Labs\\fragments\\src\\routes\\index.js": {"path":"C:\\Users\\jaan-\\OneDrive\\Documents\\Seneca\\DPS955\\Labs\\fragments\\src\\routes\\index.js","statementMap":{"0":{"start":{"line":3,"column":16},"end":{"line":3,"column":34}},"1":{"start":{"line":6,"column":28},"end":{"line":6,"column":57}},"2":{"start":{"line":9,"column":15},"end":{"line":9,"column":31}},"3":{"start":{"line":12,"column":25},"end":{"line":12,"column":58}},"4":{"start":{"line":16,"column":0},"end":{"line":16,"column":52}},"5":{"start":{"line":22,"column":0},"end":{"line":33,"column":3}},"6":{"start":{"line":24,"column":2},"end":{"line":24,"column":45}},"7":{"start":{"line":26,"column":2},"end":{"line":32,"column":5}},"8":{"start":{"line":35,"column":0},"end":{"line":35,"column":24}}},"fnMap":{"0":{"name":"(anonymous_0)","decl":{"start":{"line":22,"column":16},"end":{"line":22,"column":17}},"loc":{"start":{"line":22,"column":30},"end":{"line":33,"column":1}},"line":22}},"branchMap":{},"s":{"0":3,"1":3,"2":3,"3":3,"4":3,"5":3,"6":4,"7":4,"8":3},"f":{"0":4},"b":{},"_coverageSchema":"1a1c01bbd47fc00a2c39e90264f33305004495a9","hash":"efacfbca27c8eadb1922d253b0f6dc3df26385fd"}
,"C:\\Users\\jaan-\\OneDrive\\Documents\\Seneca\\DPS955\\Labs\\fragments\\src\\routes\\api\\get.js": {"path":"C:\\Users\\jaan-\\OneDrive\\Documents\\Seneca\\DPS955\\Labs\\fragments\\src\\routes\\api\\get.js","statementMap":{"0":{"start":{"line":6,"column":0},"end":{"line":12,"column":2}},"1":{"start":{"line":8,"column":2},"end":{"line":11,"column":5}}},"fnMap":{"0":{"name":"(anonymous_0)","decl":{"start":{"line":6,"column":17},"end":{"line":6,"column":18}},"loc":{"start":{"line":6,"column":31},"end":{"line":12,"column":1}},"line":6}},"branchMap":{},"s":{"0":3,"1":1},"f":{"0":1},"b":{},"_coverageSchema":"1a1c01bbd47fc00a2c39e90264f33305004495a9","hash":"453b0f57881764553e13bc81ebe72eda106fcd6f"}
,"C:\\Users\\jaan-\\OneDrive\\Documents\\Seneca\\DPS955\\Labs\\fragments\\src\\routes\\api\\index.js": {"path":"C:\\Users\\jaan-\\OneDrive\\Documents\\Seneca\\DPS955\\Labs\\fragments\\src\\routes\\api\\index.js","statementMap":{"0":{"start":{"line":6,"column":16},"end":{"line":6,"column":34}},"1":{"start":{"line":9,"column":15},"end":{"line":9,"column":31}},"2":{"start":{"line":12,"column":0},"end":{"line":12,"column":43}},"3":{"start":{"line":16,"column":0},"end":{"line":16,"column":24}}},"fnMap":{},"branchMap":{},"s":{"0":3,"1":3,"2":3,"3":3},"f":{},"b":{},"_coverageSchema":"1a1c01bbd47fc00a2c39e90264f33305004495a9","hash":"64416710ad0e49f8e679e8b77f6effdc9d15897f"}
}
