TN:
SF:src\app.js
FN:39,(anonymous_0)
FN:51,(anonymous_1)
FNF:2
FNH:1
FNDA:1,(anonymous_0)
FNDA:0,(anonymous_1)
DA:3,3
DA:4,3
DA:5,3
DA:6,3
DA:7,3
DA:9,3
DA:10,3
DA:11,3
DA:17,3
DA:20,3
DA:23,3
DA:26,3
DA:29,3
DA:32,3
DA:33,3
DA:36,3
DA:39,3
DA:40,1
DA:51,3
DA:54,0
DA:55,0
DA:58,0
DA:59,0
DA:62,0
DA:72,3
LF:25
LH:20
BRDA:54,0,0,0
BRDA:54,0,1,0
BRDA:55,1,0,0
BRDA:55,1,1,0
BRDA:58,2,0,0
BRDA:58,2,1,0
BRF:6
BRH:0
end_of_record
TN:
SF:src\logger.js
FNF:0
FNH:0
DA:4,3
DA:7,3
DA:9,0
DA:19,3
LF:4
LH:3
BRDA:4,0,0,3
BRDA:4,0,1,0
BRDA:7,1,0,0
BRDA:7,1,1,3
BRF:4
BRH:2
end_of_record
TN:
SF:src\response.js
FN:11,(anonymous_0)
FN:30,(anonymous_1)
FNF:2
FNH:2
FNDA:2,(anonymous_0)
FNDA:1,(anonymous_1)
DA:11,1
DA:12,2
DA:30,1
DA:31,1
LF:4
LH:4
BRF:0
BRH:0
end_of_record
TN:
SF:src\authorization\basic-auth.js
FN:15,(anonymous_0)
FN:24,(anonymous_1)
FNF:2
FNH:2
FNDA:3,(anonymous_0)
FNDA:3,(anonymous_1)
DA:6,3
DA:7,3
DA:8,3
DA:11,3
DA:12,0
DA:15,3
DA:18,3
DA:24,3
LF:8
LH:7
BRDA:11,0,0,0
BRDA:11,0,1,3
BRF:2
BRH:1
end_of_record
TN:
SF:src\authorization\index.js
FNF:0
FNH:0
DA:4,3
DA:5,0
DA:8,3
DA:9,3
DA:13,0
LF:5
LH:3
BRDA:4,0,0,0
BRDA:4,0,1,3
BRDA:4,1,0,3
BRDA:4,1,1,0
BRDA:8,2,0,3
BRDA:8,2,1,0
BRDA:8,3,0,3
BRDA:8,3,1,3
BRF:8
BRH:5
end_of_record
TN:
SF:src\routes\index.js
FN:22,(anonymous_0)
FNF:1
FNH:1
FNDA:4,(anonymous_0)
DA:3,3
DA:6,3
DA:9,3
DA:12,3
DA:16,3
DA:22,3
DA:24,4
DA:26,4
DA:35,3
LF:9
LH:9
BRF:0
BRH:0
end_of_record
TN:
SF:src\routes\api\get.js
FN:6,(anonymous_0)
FNF:1
FNH:1
FNDA:1,(anonymous_0)
DA:6,3
DA:8,1
LF:2
LH:2
BRF:0
BRH:0
end_of_record
TN:
SF:src\routes\api\index.js
FNF:0
FNH:0
DA:6,3
DA:9,3
DA:12,3
DA:16,3
LF:4
LH:4
BRF:0
BRH:0
end_of_record
